C:\Users\Eric Bouchard\Desktop\New folder (2)\Assignment-2\Source\Windows\\Application\GAM-1514 Windows Game.exe
C:\Users\Eric Bouchard\Desktop\New folder (2)\Assignment-2\Source\Windows\\Application\GAM-1514 Windows Game.ilk
C:\Users\Eric Bouchard\Desktop\New folder (2)\Assignment-2\Source\Windows\\Application\GAM-1514 Windows Game.pdb
C:\USERS\ERIC BOUCHARD\DESKTOP\NEW FOLDER (2)\ASSIGNMENT-2\SOURCE\WINDOWS\APPLICATION\GAM-1514 WINDOWS GAME.EXE
C:\USERS\ERIC BOUCHARD\DESKTOP\NEW FOLDER (2)\ASSIGNMENT-2\SOURCE\WINDOWS\APPLICATION\GAM-1514 WINDOWS GAME.ILK
C:\USERS\ERIC BOUCHARD\DESKTOP\NEW FOLDER (2)\ASSIGNMENT-2\SOURCE\WINDOWS\APPLICATION\GAM-1514 WINDOWS GAME.PDB
C:\USERS\ERIC BOUCHARD\DESKTOP\NEW FOLDER (2)\ASSIGNMENT-2\SOURCE\WINDOWS\BUILD FILES\DEBUG\ADLER32.OBJ
C:\USERS\ERIC BOUCHARD\DESKTOP\NEW FOLDER (2)\ASSIGNMENT-2\SOURCE\WINDOWS\BUILD FILES\DEBUG\BALL.OBJ
C:\Users\Eric Bouchard\Desktop\New folder (2)\Assignment-2\Source\Windows\Build Files\Debug\cl.command.1.tlog
C:\Users\Eric Bouchard\Desktop\New folder (2)\Assignment-2\Source\Windows\Build Files\Debug\CL.read.1.tlog
C:\Users\Eric Bouchard\Desktop\New folder (2)\Assignment-2\Source\Windows\Build Files\Debug\CL.write.1.tlog
C:\USERS\ERIC BOUCHARD\DESKTOP\NEW FOLDER (2)\ASSIGNMENT-2\SOURCE\WINDOWS\BUILD FILES\DEBUG\COMPRESS.OBJ
C:\USERS\ERIC BOUCHARD\DESKTOP\NEW FOLDER (2)\ASSIGNMENT-2\SOURCE\WINDOWS\BUILD FILES\DEBUG\CRC32.OBJ
C:\USERS\ERIC BOUCHARD\DESKTOP\NEW FOLDER (2)\ASSIGNMENT-2\SOURCE\WINDOWS\BUILD FILES\DEBUG\CREDIT.OBJ
C:\USERS\ERIC BOUCHARD\DESKTOP\NEW FOLDER (2)\ASSIGNMENT-2\SOURCE\WINDOWS\BUILD FILES\DEBUG\DEFLATE.OBJ
C:\USERS\ERIC BOUCHARD\DESKTOP\NEW FOLDER (2)\ASSIGNMENT-2\SOURCE\WINDOWS\BUILD FILES\DEBUG\GAM-1514 WINDOWS GAME.EXE.EMBED.MANIFEST
C:\USERS\ERIC BOUCHARD\DESKTOP\NEW FOLDER (2)\ASSIGNMENT-2\SOURCE\WINDOWS\BUILD FILES\DEBUG\GAM-1514 WINDOWS GAME.EXE.EMBED.MANIFEST.RES
C:\USERS\ERIC BOUCHARD\DESKTOP\NEW FOLDER (2)\ASSIGNMENT-2\SOURCE\WINDOWS\BUILD FILES\DEBUG\GAM-1514 WINDOWS GAME.EXE.INTERMEDIATE.MANIFEST
C:\Users\Eric Bouchard\Desktop\New folder (2)\Assignment-2\Source\Windows\Build Files\Debug\GAM-1514 Windows Game_manifest.rc
C:\USERS\ERIC BOUCHARD\DESKTOP\NEW FOLDER (2)\ASSIGNMENT-2\SOURCE\WINDOWS\BUILD FILES\DEBUG\GAME.OBJ
C:\USERS\ERIC BOUCHARD\DESKTOP\NEW FOLDER (2)\ASSIGNMENT-2\SOURCE\WINDOWS\BUILD FILES\DEBUG\GAMECONSTANTS.OBJ
C:\USERS\ERIC BOUCHARD\DESKTOP\NEW FOLDER (2)\ASSIGNMENT-2\SOURCE\WINDOWS\BUILD FILES\DEBUG\GAMEOBJECT.OBJ
C:\USERS\ERIC BOUCHARD\DESKTOP\NEW FOLDER (2)\ASSIGNMENT-2\SOURCE\WINDOWS\BUILD FILES\DEBUG\GAMEOVER.OBJ
C:\USERS\ERIC BOUCHARD\DESKTOP\NEW FOLDER (2)\ASSIGNMENT-2\SOURCE\WINDOWS\BUILD FILES\DEBUG\GAMESETTINGS.OBJ
C:\USERS\ERIC BOUCHARD\DESKTOP\NEW FOLDER (2)\ASSIGNMENT-2\SOURCE\WINDOWS\BUILD FILES\DEBUG\GZCLOSE.OBJ
C:\USERS\ERIC BOUCHARD\DESKTOP\NEW FOLDER (2)\ASSIGNMENT-2\SOURCE\WINDOWS\BUILD FILES\DEBUG\GZLIB.OBJ
C:\USERS\ERIC BOUCHARD\DESKTOP\NEW FOLDER (2)\ASSIGNMENT-2\SOURCE\WINDOWS\BUILD FILES\DEBUG\GZREAD.OBJ
C:\USERS\ERIC BOUCHARD\DESKTOP\NEW FOLDER (2)\ASSIGNMENT-2\SOURCE\WINDOWS\BUILD FILES\DEBUG\GZWRITE.OBJ
C:\USERS\ERIC BOUCHARD\DESKTOP\NEW FOLDER (2)\ASSIGNMENT-2\SOURCE\WINDOWS\BUILD FILES\DEBUG\INFBACK.OBJ
C:\USERS\ERIC BOUCHARD\DESKTOP\NEW FOLDER (2)\ASSIGNMENT-2\SOURCE\WINDOWS\BUILD FILES\DEBUG\INFFAST.OBJ
C:\USERS\ERIC BOUCHARD\DESKTOP\NEW FOLDER (2)\ASSIGNMENT-2\SOURCE\WINDOWS\BUILD FILES\DEBUG\INFLATE.OBJ
C:\USERS\ERIC BOUCHARD\DESKTOP\NEW FOLDER (2)\ASSIGNMENT-2\SOURCE\WINDOWS\BUILD FILES\DEBUG\INFTREES.OBJ
C:\USERS\ERIC BOUCHARD\DESKTOP\NEW FOLDER (2)\ASSIGNMENT-2\SOURCE\WINDOWS\BUILD FILES\DEBUG\INPUTCONSTANTS.OBJ
C:\USERS\ERIC BOUCHARD\DESKTOP\NEW FOLDER (2)\ASSIGNMENT-2\SOURCE\WINDOWS\BUILD FILES\DEBUG\INPUTEVENT.OBJ
C:\USERS\ERIC BOUCHARD\DESKTOP\NEW FOLDER (2)\ASSIGNMENT-2\SOURCE\WINDOWS\BUILD FILES\DEBUG\INPUTLISTENER.OBJ
C:\USERS\ERIC BOUCHARD\DESKTOP\NEW FOLDER (2)\ASSIGNMENT-2\SOURCE\WINDOWS\BUILD FILES\DEBUG\INPUTMANAGER.OBJ
C:\USERS\ERIC BOUCHARD\DESKTOP\NEW FOLDER (2)\ASSIGNMENT-2\SOURCE\WINDOWS\BUILD FILES\DEBUG\JSON_READER.OBJ
C:\USERS\ERIC BOUCHARD\DESKTOP\NEW FOLDER (2)\ASSIGNMENT-2\SOURCE\WINDOWS\BUILD FILES\DEBUG\JSON_VALUE.OBJ
C:\USERS\ERIC BOUCHARD\DESKTOP\NEW FOLDER (2)\ASSIGNMENT-2\SOURCE\WINDOWS\BUILD FILES\DEBUG\JSON_WRITER.OBJ
C:\USERS\ERIC BOUCHARD\DESKTOP\NEW FOLDER (2)\ASSIGNMENT-2\SOURCE\WINDOWS\BUILD FILES\DEBUG\KEYBOARDEVENT.OBJ
C:\Users\Eric Bouchard\Desktop\New folder (2)\Assignment-2\Source\Windows\Build Files\Debug\link.35936.read.1.tlog
C:\Users\Eric Bouchard\Desktop\New folder (2)\Assignment-2\Source\Windows\Build Files\Debug\link.35936.write.1.tlog
C:\Users\Eric Bouchard\Desktop\New folder (2)\Assignment-2\Source\Windows\Build Files\Debug\link.35936-cvtres.read.1.tlog
C:\Users\Eric Bouchard\Desktop\New folder (2)\Assignment-2\Source\Windows\Build Files\Debug\link.35936-cvtres.write.1.tlog
C:\Users\Eric Bouchard\Desktop\New folder (2)\Assignment-2\Source\Windows\Build Files\Debug\link.command.1.tlog
C:\Users\Eric Bouchard\Desktop\New folder (2)\Assignment-2\Source\Windows\Build Files\Debug\link.read.1.tlog
C:\Users\Eric Bouchard\Desktop\New folder (2)\Assignment-2\Source\Windows\Build Files\Debug\link.write.1.tlog
C:\Users\Eric Bouchard\Desktop\New folder (2)\Assignment-2\Source\Windows\Build Files\Debug\link-cvtres.read.1.tlog
C:\Users\Eric Bouchard\Desktop\New folder (2)\Assignment-2\Source\Windows\Build Files\Debug\link-cvtres.write.1.tlog
C:\USERS\ERIC BOUCHARD\DESKTOP\NEW FOLDER (2)\ASSIGNMENT-2\SOURCE\WINDOWS\BUILD FILES\DEBUG\LOGGER.OBJ
C:\USERS\ERIC BOUCHARD\DESKTOP\NEW FOLDER (2)\ASSIGNMENT-2\SOURCE\WINDOWS\BUILD FILES\DEBUG\MAIN.OBJ
C:\USERS\ERIC BOUCHARD\DESKTOP\NEW FOLDER (2)\ASSIGNMENT-2\SOURCE\WINDOWS\BUILD FILES\DEBUG\MAINMENU.OBJ
C:\USERS\ERIC BOUCHARD\DESKTOP\NEW FOLDER (2)\ASSIGNMENT-2\SOURCE\WINDOWS\BUILD FILES\DEBUG\MATHUTILS.OBJ
C:\USERS\ERIC BOUCHARD\DESKTOP\NEW FOLDER (2)\ASSIGNMENT-2\SOURCE\WINDOWS\BUILD FILES\DEBUG\MENUCONSTANTS.OBJ
C:\USERS\ERIC BOUCHARD\DESKTOP\NEW FOLDER (2)\ASSIGNMENT-2\SOURCE\WINDOWS\BUILD FILES\DEBUG\MOUSEEVENT.OBJ
C:\Users\Eric Bouchard\Desktop\New folder (2)\Assignment-2\Source\Windows\Build Files\Debug\mt.command.1.tlog
C:\Users\Eric Bouchard\Desktop\New folder (2)\Assignment-2\Source\Windows\Build Files\Debug\mt.read.1.tlog
C:\Users\Eric Bouchard\Desktop\New folder (2)\Assignment-2\Source\Windows\Build Files\Debug\mt.write.1.tlog
C:\USERS\ERIC BOUCHARD\DESKTOP\NEW FOLDER (2)\ASSIGNMENT-2\SOURCE\WINDOWS\BUILD FILES\DEBUG\OPENGLANIMATEDTEXTURE.OBJ
C:\USERS\ERIC BOUCHARD\DESKTOP\NEW FOLDER (2)\ASSIGNMENT-2\SOURCE\WINDOWS\BUILD FILES\DEBUG\OPENGLRENDERER.OBJ
C:\USERS\ERIC BOUCHARD\DESKTOP\NEW FOLDER (2)\ASSIGNMENT-2\SOURCE\WINDOWS\BUILD FILES\DEBUG\OPENGLTEXTURE.OBJ
C:\USERS\ERIC BOUCHARD\DESKTOP\NEW FOLDER (2)\ASSIGNMENT-2\SOURCE\WINDOWS\BUILD FILES\DEBUG\OPENGLTEXTURELOADER.OBJ
C:\USERS\ERIC BOUCHARD\DESKTOP\NEW FOLDER (2)\ASSIGNMENT-2\SOURCE\WINDOWS\BUILD FILES\DEBUG\OPENGLTEXTUREMANAGER.OBJ
C:\USERS\ERIC BOUCHARD\DESKTOP\NEW FOLDER (2)\ASSIGNMENT-2\SOURCE\WINDOWS\BUILD FILES\DEBUG\OPENGLWINDOW.OBJ
C:\USERS\ERIC BOUCHARD\DESKTOP\NEW FOLDER (2)\ASSIGNMENT-2\SOURCE\WINDOWS\BUILD FILES\DEBUG\PADDLE.OBJ
C:\USERS\ERIC BOUCHARD\DESKTOP\NEW FOLDER (2)\ASSIGNMENT-2\SOURCE\WINDOWS\BUILD FILES\DEBUG\PAUSE.OBJ
C:\USERS\ERIC BOUCHARD\DESKTOP\NEW FOLDER (2)\ASSIGNMENT-2\SOURCE\WINDOWS\BUILD FILES\DEBUG\PNG.OBJ
C:\USERS\ERIC BOUCHARD\DESKTOP\NEW FOLDER (2)\ASSIGNMENT-2\SOURCE\WINDOWS\BUILD FILES\DEBUG\PNGERROR.OBJ
C:\USERS\ERIC BOUCHARD\DESKTOP\NEW FOLDER (2)\ASSIGNMENT-2\SOURCE\WINDOWS\BUILD FILES\DEBUG\PNGGET.OBJ
C:\USERS\ERIC BOUCHARD\DESKTOP\NEW FOLDER (2)\ASSIGNMENT-2\SOURCE\WINDOWS\BUILD FILES\DEBUG\PNGMEM.OBJ
C:\USERS\ERIC BOUCHARD\DESKTOP\NEW FOLDER (2)\ASSIGNMENT-2\SOURCE\WINDOWS\BUILD FILES\DEBUG\PNGPREAD.OBJ
C:\USERS\ERIC BOUCHARD\DESKTOP\NEW FOLDER (2)\ASSIGNMENT-2\SOURCE\WINDOWS\BUILD FILES\DEBUG\PNGREAD.OBJ
C:\USERS\ERIC BOUCHARD\DESKTOP\NEW FOLDER (2)\ASSIGNMENT-2\SOURCE\WINDOWS\BUILD FILES\DEBUG\PNGRIO.OBJ
C:\USERS\ERIC BOUCHARD\DESKTOP\NEW FOLDER (2)\ASSIGNMENT-2\SOURCE\WINDOWS\BUILD FILES\DEBUG\PNGRTRAN.OBJ
C:\USERS\ERIC BOUCHARD\DESKTOP\NEW FOLDER (2)\ASSIGNMENT-2\SOURCE\WINDOWS\BUILD FILES\DEBUG\PNGRUTIL.OBJ
C:\USERS\ERIC BOUCHARD\DESKTOP\NEW FOLDER (2)\ASSIGNMENT-2\SOURCE\WINDOWS\BUILD FILES\DEBUG\PNGSET.OBJ
C:\USERS\ERIC BOUCHARD\DESKTOP\NEW FOLDER (2)\ASSIGNMENT-2\SOURCE\WINDOWS\BUILD FILES\DEBUG\PNGTRANS.OBJ
C:\USERS\ERIC BOUCHARD\DESKTOP\NEW FOLDER (2)\ASSIGNMENT-2\SOURCE\WINDOWS\BUILD FILES\DEBUG\PNGWIO.OBJ
C:\USERS\ERIC BOUCHARD\DESKTOP\NEW FOLDER (2)\ASSIGNMENT-2\SOURCE\WINDOWS\BUILD FILES\DEBUG\PNGWRITE.OBJ
C:\USERS\ERIC BOUCHARD\DESKTOP\NEW FOLDER (2)\ASSIGNMENT-2\SOURCE\WINDOWS\BUILD FILES\DEBUG\PNGWTRAN.OBJ
C:\USERS\ERIC BOUCHARD\DESKTOP\NEW FOLDER (2)\ASSIGNMENT-2\SOURCE\WINDOWS\BUILD FILES\DEBUG\PNGWUTIL.OBJ
C:\Users\Eric Bouchard\Desktop\New folder (2)\Assignment-2\Source\Windows\Build Files\Debug\rc.command.1.tlog
C:\Users\Eric Bouchard\Desktop\New folder (2)\Assignment-2\Source\Windows\Build Files\Debug\rc.read.1.tlog
C:\Users\Eric Bouchard\Desktop\New folder (2)\Assignment-2\Source\Windows\Build Files\Debug\rc.write.1.tlog
C:\USERS\ERIC BOUCHARD\DESKTOP\NEW FOLDER (2)\ASSIGNMENT-2\SOURCE\WINDOWS\BUILD FILES\DEBUG\RESOURCECONSTANTS.OBJ
C:\USERS\ERIC BOUCHARD\DESKTOP\NEW FOLDER (2)\ASSIGNMENT-2\SOURCE\WINDOWS\BUILD FILES\DEBUG\RESOURCEUTILS.OBJ
C:\USERS\ERIC BOUCHARD\DESKTOP\NEW FOLDER (2)\ASSIGNMENT-2\SOURCE\WINDOWS\BUILD FILES\DEBUG\SCREEN.OBJ
C:\USERS\ERIC BOUCHARD\DESKTOP\NEW FOLDER (2)\ASSIGNMENT-2\SOURCE\WINDOWS\BUILD FILES\DEBUG\SCREENMANAGER.OBJ
C:\USERS\ERIC BOUCHARD\DESKTOP\NEW FOLDER (2)\ASSIGNMENT-2\SOURCE\WINDOWS\BUILD FILES\DEBUG\SPLASH.OBJ
C:\USERS\ERIC BOUCHARD\DESKTOP\NEW FOLDER (2)\ASSIGNMENT-2\SOURCE\WINDOWS\BUILD FILES\DEBUG\TREES.OBJ
C:\USERS\ERIC BOUCHARD\DESKTOP\NEW FOLDER (2)\ASSIGNMENT-2\SOURCE\WINDOWS\BUILD FILES\DEBUG\UIBUTTON.OBJ
C:\USERS\ERIC BOUCHARD\DESKTOP\NEW FOLDER (2)\ASSIGNMENT-2\SOURCE\WINDOWS\BUILD FILES\DEBUG\UNCOMPR.OBJ
C:\Users\Eric Bouchard\Desktop\New folder (2)\Assignment-2\Source\Windows\Build Files\Debug\vc100.idb
C:\USERS\ERIC BOUCHARD\DESKTOP\NEW FOLDER (2)\ASSIGNMENT-2\SOURCE\WINDOWS\BUILD FILES\DEBUG\VC100.PDB
C:\USERS\ERIC BOUCHARD\DESKTOP\NEW FOLDER (2)\ASSIGNMENT-2\SOURCE\WINDOWS\BUILD FILES\DEBUG\WIN32CONSTANTS.OBJ
C:\USERS\ERIC BOUCHARD\DESKTOP\NEW FOLDER (2)\ASSIGNMENT-2\SOURCE\WINDOWS\BUILD FILES\DEBUG\WIN32GAME.OBJ
C:\USERS\ERIC BOUCHARD\DESKTOP\NEW FOLDER (2)\ASSIGNMENT-2\SOURCE\WINDOWS\BUILD FILES\DEBUG\ZUTIL.OBJ
